2025-10-09 11:28:00,233 - INFO - Summarizing repository: vinaychalla815/devmate
2025-10-09 11:54:32,609 - INFO - Received review request. Code length: 31 chars.
2025-10-09 11:56:17,207 - INFO - Generating tests for code snippet (length: 31 chars)
2025-10-09 11:56:41,827 - INFO - Updating documentation for provided code snippet (length: 31 chars)
2025-10-09 11:57:17,880 - INFO - Summarizing repository: vinaychalla815/devmate
2025-10-09 13:29:55,809 | INFO | [766fc6f3] | START /list_repo
2025-10-09 13:29:55,809 | INFO | [766fc6f3] | Listing available repository summary files in project directory.
2025-10-09 13:29:55,810 | INFO | [766fc6f3] | END /list_repo | Duration: 0.00s
2025-10-09 13:30:45,982 | INFO | [507e84d6] | START /review
2025-10-09 13:30:45,982 | INFO | [507e84d6] | Received review request. Code length: 31 chars.
2025-10-09 13:31:02,423 | INFO | [507e84d6] | END /review | Duration: 16.44s
2025-10-09 13:31:53,922 | INFO | [78adf04f] | START /testgen
2025-10-09 13:31:53,923 | INFO | [78adf04f] | Generating tests for code snippet (length: 36 chars)
2025-10-09 13:32:01,715 | INFO | [78adf04f] | END /testgen | Duration: 7.79s
2025-10-09 13:32:35,111 | INFO | [f2f97ffa] | START /docupdate
2025-10-09 13:32:35,112 | INFO | [f2f97ffa] | Updating documentation for provided code snippet (length: 34 chars)
2025-10-09 13:32:40,724 | INFO | [f2f97ffa] | END /docupdate | Duration: 5.61s
2025-10-09 13:34:13,038 | INFO | [15544793] | START /summarize_repo
2025-10-09 13:34:13,039 | INFO | [15544793] | Summarizing repository: vinaychalla815/devmate
2025-10-09 13:35:07,572 | INFO | [15544793] | END /summarize_repo | Duration: 54.53s
2025-10-09 13:35:50,946 | INFO | [0c57e59c] | START /list_repo
2025-10-09 13:35:50,947 | INFO | [0c57e59c] | Listing available repository summary files in project directory.
2025-10-09 13:35:50,947 | INFO | [0c57e59c] | END /list_repo | Duration: 0.00s
2025-10-09 13:35:53,188 | INFO | [dfb47391] | START /list_repo
2025-10-09 13:35:53,188 | INFO | [dfb47391] | Listing available repository summary files in project directory.
2025-10-09 13:35:53,188 | INFO | [dfb47391] | END /list_repo | Duration: 0.00s
2025-10-09 14:33:58,063 | INFO | [b5ea6d51] | START /summarize_repo
2025-10-09 14:33:58,064 | INFO | [b5ea6d51] | Summarizing repository: vinaychalla815/devmate
2025-10-09 14:35:05,200 | INFO | [b5ea6d51] | END /summarize_repo | Duration: 67.14s
